<?xml version="1.0" encoding="UTF-8"?>
<!-- Generated by org.testng.reporters.JUnitReportReporter -->
<testsuite hostname="DESKTOP-1B6O86T" failures="0" tests="3" name="kloeckner.TestCases.VerificationOfAddingMembers" time="163.883" errors="0" timestamp="2019-11-30T18:39:33 GMT" skipped="0">
  <testcase classname="kloeckner.TestCases.VerificationOfAddingMembers" name="VerificationofAddingMembersToBoard" time="48.836"/>
  <testcase classname="kloeckner.TestCases.VerificationOfAddingMembers" name="VerificationofAddingMembersToCard" time="60.184"/>
  <testcase classname="kloeckner.TestCases.VerificationOfAddingMembers" name="VerificationofAddedMemberatCardAndBoard" time="54.863"/>
</testsuite> <!-- kloeckner.TestCases.VerificationOfAddingMembers -->
