<?xml version="1.0" encoding="UTF-8"?>
<!-- Generated by org.testng.reporters.JUnitReportReporter -->
<testsuite hostname="DESKTOP-1B6O86T" failures="0" tests="2" name="kloeckner.TestCases.VerficationOfCardDetails" time="114.026" errors="0" timestamp="2019-11-30T18:39:33 GMT" skipped="0">
  <testcase classname="kloeckner.TestCases.VerficationOfCardDetails" name="VerificationofListNameOnCard" time="59.081"/>
  <testcase classname="kloeckner.TestCases.VerficationOfCardDetails" name="VerificationofCardNameOnCard" time="54.945"/>
</testsuite> <!-- kloeckner.TestCases.VerficationOfCardDetails -->
