<?xml version="1.0" encoding="UTF-8"?>
<!-- Generated by org.testng.reporters.JUnitReportReporter -->
<testsuite hostname="DESKTOP-1B6O86T" failures="0" tests="3" name="kloeckner.TestCases.VerificationOfAddingMembers" time="176.736" errors="0" timestamp="2019-11-30T17:05:34 GMT" skipped="0">
  <testcase classname="kloeckner.TestCases.VerificationOfAddingMembers" name="VerificationofAddingMembersToBoard" time="55.255"/>
  <testcase classname="kloeckner.TestCases.VerificationOfAddingMembers" name="VerificationofAddingMembersToCard" time="65.915"/>
  <testcase classname="kloeckner.TestCases.VerificationOfAddingMembers" name="VerificationofAddedMemberatCardAndBoard" time="55.566"/>
</testsuite> <!-- kloeckner.TestCases.VerificationOfAddingMembers -->
