<?xml version="1.0" encoding="UTF-8"?>
<!-- Generated by org.testng.reporters.JUnitReportReporter -->
<testsuite hostname="DESKTOP-1B6O86T" failures="0" tests="2" name="kloeckner.TestCases.VerfiyCardDetails" time="120.394" errors="0" timestamp="2019-11-29T11:18:32 GMT" skipped="0">
  <testcase classname="kloeckner.TestCases.VerfiyCardDetails" name="VerificationofListNameOnCard" time="51.914"/>
  <testcase classname="kloeckner.TestCases.VerfiyCardDetails" name="VerificationofCardNameOnCard" time="68.480"/>
</testsuite> <!-- kloeckner.TestCases.VerfiyCardDetails -->
