<?xml version="1.0" encoding="UTF-8"?>
<!-- Generated by org.testng.reporters.JUnitReportReporter -->
<testsuite hostname="DESKTOP-1B6O86T" failures="0" tests="2" name="kloeckner.TestCases.VerficationOfCardDetails" time="137.236" errors="0" timestamp="2019-11-30T17:05:34 GMT" skipped="0">
  <testcase classname="kloeckner.TestCases.VerficationOfCardDetails" name="VerificationofListNameOnCard" time="70.172"/>
  <testcase classname="kloeckner.TestCases.VerficationOfCardDetails" name="VerificationofCardNameOnCard" time="67.064"/>
</testsuite> <!-- kloeckner.TestCases.VerficationOfCardDetails -->
